This is pdfTeX, Version 3.14159265-2.6-1.40.20 (TeX Live 2019/Debian) (preloaded format=pdflatex 2022.5.16)  29 JUN 2022 11:25
entering extended mode
 restricted \write18 enabled.
 %&-line parsing enabled.
**rblarba-en.tex
(./rblarba-en.tex
LaTeX2e <2020-02-02> patch level 2
L3 programming layer <2020-02-14> (./pracamgr.cls
Document Class: pracamgr 2017/01/03 v0.7.0 Praca magisterska
(/usr/share/texlive/texmf-dist/tex/generic/babel/babel.sty
Package: babel 2020/02/14 3.40 The Babel package

(/usr/share/texlive/texmf-dist/tex/generic/babel/switch.def
File: switch.def 2020/02/14 3.40 Babel switching mechanism
)
(/usr/share/texlive/texmf-dist/tex/generic/babel-english/english.ldf
Language: english 2017/06/06 v3.3r English support from the babel system

(/usr/share/texlive/texmf-dist/tex/generic/babel/babel.def
File: babel.def 2020/02/14 3.40 Babel common definitions
\babel@savecnt=\count167
\U@D=\dimen134

(/usr/share/texlive/texmf-dist/tex/generic/babel/txtbabel.def)
\bbl@readstream=\read2
\bbl@dirlevel=\count168
)
Package babel Info: \l@british = using hyphenrules for english
(babel)             (\language0) on input line 82.
Package babel Info: \l@UKenglish = using hyphenrules for english
(babel)             (\language0) on input line 83.
Package babel Info: \l@canadian = using hyphenrules for english
(babel)             (\language0) on input line 102.
Package babel Info: \l@australian = using hyphenrules for english
(babel)             (\language0) on input line 105.
Package babel Info: \l@newzealand = using hyphenrules for english
(babel)             (\language0) on input line 108.
))
(/usr/share/texlive/texmf-dist/tex/latex/base/fontenc.sty
Package: fontenc 2020/02/11 v2.0o Standard LaTeX package
)
(/usr/share/texlive/texmf-dist/tex/latex/base/inputenc.sty
Package: inputenc 2018/08/11 v1.3c Input encoding file
\inpenc@prehook=\toks14
\inpenc@posthook=\toks15
)
(/usr/share/texlive/texmf-dist/tex/latex/base/report.cls
Document Class: report 2019/12/20 v1.4l Standard LaTeX document class
(/usr/share/texlive/texmf-dist/tex/latex/base/size11.clo
File: size11.clo 2019/12/20 v1.4l Standard LaTeX file (size option)
)
\c@part=\count169
\c@chapter=\count170
\c@section=\count171
\c@subsection=\count172
\c@subsubsection=\count173
\c@paragraph=\count174
\c@subparagraph=\count175
\c@figure=\count176
\c@table=\count177
\abovecaptionskip=\skip47
\belowcaptionskip=\skip48
\bibindent=\dimen135
)
\c@liczbaAutorow=\count178
)
\c@defi=\count179

(/usr/share/texlive/texmf-dist/tex/latex/l3backend/l3backend-pdfmode.def
File: l3backend-pdfmode.def 2020-02-03 L3 backend support: PDF mode
\l__kernel_color_stack_int=\count180
\l__pdf_internal_box=\box45
)

LaTeX Warning: Unused global option(s):
    [en].

(./rblarba-en.aux)
\openout1 = `rblarba-en.aux'.

LaTeX Font Info:    Checking defaults for OML/cmm/m/it on input line 90.
LaTeX Font Info:    ... okay on input line 90.
LaTeX Font Info:    Checking defaults for OMS/cmsy/m/n on input line 90.
LaTeX Font Info:    ... okay on input line 90.
LaTeX Font Info:    Checking defaults for OT1/cmr/m/n on input line 90.
LaTeX Font Info:    ... okay on input line 90.
LaTeX Font Info:    Checking defaults for T1/cmr/m/n on input line 90.
LaTeX Font Info:    ... okay on input line 90.
LaTeX Font Info:    Checking defaults for TS1/cmr/m/n on input line 90.
LaTeX Font Info:    ... okay on input line 90.
LaTeX Font Info:    Checking defaults for OMX/cmex/m/n on input line 90.
LaTeX Font Info:    ... okay on input line 90.
LaTeX Font Info:    Checking defaults for U/cmr/m/n on input line 90.
LaTeX Font Info:    ... okay on input line 90.
LaTeX Font Info:    External font `cmex10' loaded for size
(Font)              <10.95> on input line 91.
LaTeX Font Info:    External font `cmex10' loaded for size
(Font)              <8> on input line 91.
LaTeX Font Info:    External font `cmex10' loaded for size
(Font)              <6> on input line 91.
LaTeX Font Info:    External font `cmex10' loaded for size
(Font)              <12> on input line 91.
 [1

{/var/lib/texmf/fonts/map/pdftex/updmap/pdftex.map}]
[2]
Underfull \hbox (badness 10000) in paragraph at lines 101--101

 []

[1] [2

] (./rblarba-en.toc)
\tf@toc=\write3
\openout3 = `rblarba-en.toc'.

 [3

] [4

] [5] [6

]
Chapter 1.

Overfull \hbox (22.9248pt too wide) in paragraph at lines 153--155
[]\T1/cmr/m/n/10.95 Fetorem \T1/cmr/m/it/10.95 nazwiemy skupi-e-nie blaba speª-
ni-a-j¡ce nast¦pu-j¡cy \T1/cmr/m/n/10.95 ak-sjo-mat reperkusaty-
 []

[7]
LaTeX Font Info:    External font `cmex10' loaded for size
(Font)              <9> on input line 192.
LaTeX Font Info:    External font `cmex10' loaded for size
(Font)              <5> on input line 192.
 [8]
Chapter 2.

Overfull \hbox (14.43745pt too wide) in paragraph at lines 211--218
\T1/cmr/m/n/10.95 Najprostszym sposobem wyko-na-nia bla-bal-izy jest siªowe prz
eszukanie caªej przestrzeni rozwi¡za«.
 []


Overfull \hbox (12.41159pt too wide) in paragraph at lines 240--243
\T1/cmr/m/n/10.95 poszuki-wa-nia wspóªczyn-ników bla-bal-izy jest lin-iowy ze w
zgl¦du na wymiar wyj±-ciowej przestrzeni
 []

LaTeX Font Info:    External font `cmex10' loaded for size
(Font)              <14.4> on input line 244.
LaTeX Font Info:    External font `cmex10' loaded for size
(Font)              <7> on input line 244.
[9

] [10]
Chapter 3.
LaTeX Font Info:    External font `cmex10' loaded for size
(Font)              <24.88> on input line 263.
LaTeX Font Info:    External font `cmex10' loaded for size
(Font)              <20.74> on input line 263.
LaTeX Font Info:    External font `cmex10' loaded for size
(Font)              <17.28> on input line 263.
[11

] [12

]
Chapter 4.
LaTeX Font Info:    Trying to load font information for T1+cmtt on input line 2
86.
(/usr/share/texlive/texmf-dist/tex/latex/base/t1cmtt.fd
File: t1cmtt.fd 2019/12/16 v2.5j Standard LaTeX font definitions
) [13] [14

]
Chapter 5.

Overfull \hbox (4.8249pt too wide) in paragraph at lines 295--301
\T1/cmr/m/n/10.95 W pracy przed-staw-iono pier-wsz¡ efek-ty-wn¡ im-ple-men-tacj
¦ bla-bal-iza-tora ró»ni-cowego. Umiej¦t-
 []


Overfull \hbox (8.32555pt too wide) in paragraph at lines 295--301
\T1/cmr/m/n/10.95 podobny przeªom, jak dla in-nych dziedzin wiedzy stanow-iªo o
gªosze-nie teorii Mikoªaja Kopernika
 []

[15] [16

]
Appendix A.
[17] [18

]
Appendix B.
[19] [20

]
Appendix C.
[21] [22

] [23] (./rblarba-en.aux) ) 
Here is how much of TeX's memory you used:
 1408 strings out of 483075
 19261 string characters out of 5963834
 257863 words of memory out of 5000000
 16451 multiletter control sequences out of 15000+600000
 555061 words of font info for 71 fonts, out of 8000000 for 9000
 79 hyphenation exceptions out of 8191
 33i,8n,31p,229b,295s stack positions out of 5000i,500n,10000p,200000b,80000s
 </home/zly/.texlive2019/texmf-var/fonts/pk/ljfour/j
knappen/ec/ectt1095.600pk> </home/zly/.texlive2019/texmf-var/fonts/pk/ljfour/jk
nappen/ec/ecrm0900.600pk> </home/zly/.texlive2019/texmf-var/fonts/pk/ljfour/jkn
appen/ec/ecrm0800.600pk> </home/zly/.texlive2019/texmf-var/fonts/pk/ljfour/jkna
ppen/ec/tcrm1095.600pk> </home/zly/.texlive2019/texmf-var/fonts/pk/ljfour/jknap
pen/ec/ecrm0600.600pk> </home/zly/.texlive2019/texmf-var/fonts/pk/ljfour/jknapp
en/ec/ecsl1095.600pk> </home/zly/.texlive2019/texmf-var/fonts/pk/ljfour/jknappe
n/ec/ecti1095.600pk> </home/zly/.texlive2019/texmf-var/fonts/pk/ljfour/jknappen
/ec/ecbx2074.600pk> </home/zly/.texlive2019/texmf-var/fonts/pk/ljfour/jknappen/
ec/ecbx1095.600pk> </home/zly/.texlive2019/texmf-var/fonts/pk/ljfour/jknappen/e
c/ecrm1200.600pk> </home/zly/.texlive2019/texmf-var/fonts/pk/ljfour/jknappen/ec
/ecbx1200.600pk> </home/zly/.texlive2019/texmf-var/fonts/pk/ljfour/jknappen/ec/
ecbx2488.600pk> </home/zly/.texlive2019/texmf-var/fonts/pk/ljfour/jknappen/ec/e
crm1095.600pk> </home/zly/.texlive2019/texmf-var/fonts/pk/ljfour/jknappen/ec/ec
bx1440.600pk> </home/zly/.texlive2019/texmf-var/fonts/pk/ljfour/jknappen/ec/ecr
m1728.600pk> </home/zly/.texlive2019/texmf-var/fonts/pk/ljfour/jknappen/ec/ecbx
1728.600pk></usr/share/texlive/texmf-dist/fonts/type1/public/amsfonts/cm/cmex10
.pfb></usr/share/texlive/texmf-dist/fonts/type1/public/amsfonts/cm/cmmi10.pfb><
/usr/share/texlive/texmf-dist/fonts/type1/public/amsfonts/cm/cmmi12.pfb></usr/s
hare/texlive/texmf-dist/fonts/type1/public/amsfonts/cm/cmmi8.pfb></usr/share/te
xlive/texmf-dist/fonts/type1/public/amsfonts/cm/cmr10.pfb></usr/share/texlive/t
exmf-dist/fonts/type1/public/amsfonts/cm/cmr6.pfb></usr/share/texlive/texmf-dis
t/fonts/type1/public/amsfonts/cm/cmr8.pfb></usr/share/texlive/texmf-dist/fonts/
type1/public/amsfonts/cm/cmsy10.pfb></usr/share/texlive/texmf-dist/fonts/type1/
public/amsfonts/cm/cmsy8.pfb>
Output written on rblarba-en.pdf (25 pages, 251424 bytes).
PDF statistics:
 690 PDF objects out of 1000 (max. 8388607)
 148 compressed objects within 2 object streams
 0 named destinations out of 1000 (max. 500000)
 1 words of extra memory for PDF output out of 10000 (max. 10000000)

