This is pdfTeX, Version 3.14159265-2.6-1.40.20 (TeX Live 2019/Debian) (preloaded format=pdflatex 2022.5.16)  29 JUN 2022 11:26
entering extended mode
 restricted \write18 enabled.
 %&-line parsing enabled.
**rblarba-pl.tex
(./rblarba-pl.tex
LaTeX2e <2020-02-02> patch level 2
L3 programming layer <2020-02-14> (./pracamgr.cls
Document Class: pracamgr 2017/01/03 v0.7.0 Praca magisterska
(/usr/share/texlive/texmf-dist/tex/generic/babel/babel.sty
Package: babel 2020/02/14 3.40 The Babel package

(/usr/share/texlive/texmf-dist/tex/generic/babel/switch.def
File: switch.def 2020/02/14 3.40 Babel switching mechanism
)
(/usr/share/texlive/texmf-dist/tex/generic/babel-polish/polish.ldf
Language: polish 2005/03/31 v1.2l Polish support from the babel system

(/usr/share/texlive/texmf-dist/tex/generic/babel/babel.def
File: babel.def 2020/02/14 3.40 Babel common definitions
\babel@savecnt=\count167
\U@D=\dimen134

(/usr/share/texlive/texmf-dist/tex/generic/babel/txtbabel.def)
\bbl@readstream=\read2
\bbl@dirlevel=\count168
)
Package babel Info: Making " an active character on input line 83.
\pl@left=\dimen135
\pl@down=\dimen136
\pl@right=\dimen137
\pl@temp=\dimen138
))
(/usr/share/texlive/texmf-dist/tex/latex/base/fontenc.sty
Package: fontenc 2020/02/11 v2.0o Standard LaTeX package
)
(/usr/share/texlive/texmf-dist/tex/latex/base/inputenc.sty
Package: inputenc 2018/08/11 v1.3c Input encoding file
\inpenc@prehook=\toks14
\inpenc@posthook=\toks15
)
(/usr/share/texlive/texmf-dist/tex/latex/base/report.cls
Document Class: report 2019/12/20 v1.4l Standard LaTeX document class
(/usr/share/texlive/texmf-dist/tex/latex/base/size11.clo
File: size11.clo 2019/12/20 v1.4l Standard LaTeX file (size option)
)
\c@part=\count169
\c@chapter=\count170
\c@section=\count171
\c@subsection=\count172
\c@subsubsection=\count173
\c@paragraph=\count174
\c@subparagraph=\count175
\c@figure=\count176
\c@table=\count177
\abovecaptionskip=\skip47
\belowcaptionskip=\skip48
\bibindent=\dimen139
)
\c@liczbaAutorow=\count178
)
\c@defi=\count179

(/usr/share/texlive/texmf-dist/tex/latex/l3backend/l3backend-pdfmode.def
File: l3backend-pdfmode.def 2020-02-03 L3 backend support: PDF mode
\l__kernel_color_stack_int=\count180
\l__pdf_internal_box=\box45
)
No file rblarba-pl.aux.
\openout1 = `rblarba-pl.aux'.

LaTeX Font Info:    Checking defaults for OML/cmm/m/it on input line 92.
LaTeX Font Info:    ... okay on input line 92.
LaTeX Font Info:    Checking defaults for OMS/cmsy/m/n on input line 92.
LaTeX Font Info:    ... okay on input line 92.
LaTeX Font Info:    Checking defaults for OT1/cmr/m/n on input line 92.
LaTeX Font Info:    ... okay on input line 92.
LaTeX Font Info:    Checking defaults for T1/cmr/m/n on input line 92.
LaTeX Font Info:    ... okay on input line 92.
LaTeX Font Info:    Checking defaults for TS1/cmr/m/n on input line 92.
LaTeX Font Info:    ... okay on input line 92.
LaTeX Font Info:    Checking defaults for OMX/cmex/m/n on input line 92.
LaTeX Font Info:    ... okay on input line 92.
LaTeX Font Info:    Checking defaults for U/cmr/m/n on input line 92.
LaTeX Font Info:    ... okay on input line 92.
LaTeX Font Info:    External font `cmex10' loaded for size
(Font)              <10.95> on input line 94.
LaTeX Font Info:    External font `cmex10' loaded for size
(Font)              <8> on input line 94.
LaTeX Font Info:    External font `cmex10' loaded for size
(Font)              <6> on input line 94.
LaTeX Font Info:    External font `cmex10' loaded for size
(Font)              <12> on input line 94.
[1

{/var/lib/texmf/fonts/map/pdftex/updmap/pdftex.map}] [2]
Underfull \hbox (badness 10000) in paragraph at lines 104--104

 []


! Class pracamgr Error: Brak tytulu po angielsku.

See the pracamgr class documentation for explanation.
Type  H <return>  for immediate help.
 ...                                              
                                                  
l.104 \end{abstract}
                    
Try typing  <return>  to proceed.
If that doesn't work, type  X <return>  to quit.

[1] [2

]
No file rblarba-pl.toc.
\tf@toc=\write3
\openout3 = `rblarba-pl.toc'.

[3

] [4

]

LaTeX Warning: Citation `ffgg' on page 5 undefined on input line 120.


LaTeX Warning: Reference `r:pojecia' on page 5 undefined on input line 124.


LaTeX Warning: Reference `r:losers' on page 5 undefined on input line 126.


LaTeX Warning: Reference `r:fifak' on page 5 undefined on input line 127.


LaTeX Warning: Reference `r:impl' on page 5 undefined on input line 128.

[5] [6

]
Rozdzia\l  1.

LaTeX Warning: Citation `grglo' on page 7 undefined on input line 165.


LaTeX Warning: Citation `JR' on page 7 undefined on input line 174.

[7]
LaTeX Font Info:    External font `cmex10' loaded for size
(Font)              <9> on input line 195.
LaTeX Font Info:    External font `cmex10' loaded for size
(Font)              <5> on input line 195.
 [8]
Rozdzia\l  2.

LaTeX Warning: Citation `heu' on page 9 undefined on input line 223.


LaTeX Warning: Citation `ff-sr' on page 9 undefined on input line 226.


LaTeX Warning: Citation `grglo' on page 9 undefined on input line 233.

LaTeX Font Info:    External font `cmex10' loaded for size
(Font)              <14.4> on input line 247.
LaTeX Font Info:    External font `cmex10' loaded for size
(Font)              <7> on input line 247.
[9

]

LaTeX Warning: Citation `ff-sr' on page 10 undefined on input line 256.

[10]
Rozdzia\l  3.
LaTeX Font Info:    External font `cmex10' loaded for size
(Font)              <24.88> on input line 266.
LaTeX Font Info:    External font `cmex10' loaded for size
(Font)              <20.74> on input line 266.
LaTeX Font Info:    External font `cmex10' loaded for size
(Font)              <17.28> on input line 266.

LaTeX Warning: Citation `russell' on page 11 undefined on input line 274.


LaTeX Warning: Citation `spyrpt' on page 11 undefined on input line 274.


LaTeX Warning: Citation `JR' on page 11 undefined on input line 274.


LaTeX Warning: Citation `beaman' on page 11 undefined on input line 274.


LaTeX Warning: Citation `hopp' on page 11 undefined on input line 274.


LaTeX Warning: Citation `srinis' on page 11 undefined on input line 274.


LaTeX Warning: Citation `leuk' on page 11 undefined on input line 275.


LaTeX Warning: Citation `hopp' on page 11 undefined on input line 281.

[11

] [12

]
Rozdzia\l  4.
LaTeX Font Info:    Trying to load font information for T1+cmtt on input line 2
89.
(/usr/share/texlive/texmf-dist/tex/latex/base/t1cmtt.fd
File: t1cmtt.fd 2019/12/16 v2.5j Standard LaTeX font definitions
) [13] [14

]
Rozdzia\l  5.
[15] [16

]
Dodatek A.
[17] [18

]
Dodatek B.
[19] [20

]
Dodatek C.
[21] [22

] [23] (./rblarba-pl.aux)

LaTeX Warning: There were undefined references.


LaTeX Warning: Label(s) may have changed. Rerun to get cross-references right.

 ) 
Here is how much of TeX's memory you used:
 1479 strings out of 483075
 19912 string characters out of 5963834
 259420 words of memory out of 5000000
 16527 multiletter control sequences out of 15000+600000
 555061 words of font info for 71 fonts, out of 8000000 for 9000
 79 hyphenation exceptions out of 8191
 33i,8n,31p,229b,303s stack positions out of 5000i,500n,10000p,200000b,80000s
 </home/zly/.texlive2019/texmf-var/fonts/pk/ljfour/jknappen/ec/ectt1095.600pk
> </home/zly/.texlive2019/texmf-var/fonts/pk/ljfour/jknappen/ec/ecrm0900.600pk>
 </home/zly/.texlive2019/texmf-var/fonts/pk/ljfour/jknappen/ec/ecrm0800.600pk> 
</home/zly/.texlive2019/texmf-var/fonts/pk/ljfour/jknappen/ec/tcrm1095.600pk> <
/home/zly/.texlive2019/texmf-var/fonts/pk/ljfour/jknappen/ec/ecrm0600.600pk> </
home/zly/.texlive2019/texmf-var/fonts/pk/ljfour/jknappen/ec/ecsl1095.600pk> </h
ome/zly/.texlive2019/texmf-var/fonts/pk/ljfour/jknappen/ec/ecti1095.600pk> </ho
me/zly/.texlive2019/texmf-var/fonts/pk/ljfour/jknappen/ec/ecbx2074.600pk> </hom
e/zly/.texlive2019/texmf-var/fonts/pk/ljfour/jknappen/ec/ecbx1095.600pk> </home
/zly/.texlive2019/texmf-var/fonts/pk/ljfour/jknappen/ec/ecrm1200.600pk> </home/
zly/.texlive2019/texmf-var/fonts/pk/ljfour/jknappen/ec/ecbx1200.600pk> </home/z
ly/.texlive2019/texmf-var/fonts/pk/ljfour/jknappen/ec/ecbx2488.600pk> </home/zl
y/.texlive2019/texmf-var/fonts/pk/ljfour/jknappen/ec/ecrm1095.600pk> </home/zly
/.texlive2019/texmf-var/fonts/pk/ljfour/jknappen/ec/ecbx1440.600pk> </home/zly/
.texlive2019/texmf-var/fonts/pk/ljfour/jknappen/ec/ecrm1728.600pk> </home/zly/.
texlive2019/texmf-var/fonts/pk/ljfour/jknappen/ec/ecbx1728.600pk></usr/share/te
xlive/texmf-dist/fonts/type1/public/amsfonts/cm/cmex10.pfb></usr/share/texlive/
texmf-dist/fonts/type1/public/amsfonts/cm/cmmi10.pfb></usr/share/texlive/texmf-
dist/fonts/type1/public/amsfonts/cm/cmmi12.pfb></usr/share/texlive/texmf-dist/f
onts/type1/public/amsfonts/cm/cmmi8.pfb></usr/share/texlive/texmf-dist/fonts/ty
pe1/public/amsfonts/cm/cmr10.pfb></usr/share/texlive/texmf-dist/fonts/type1/pub
lic/amsfonts/cm/cmr6.pfb></usr/share/texlive/texmf-dist/fonts/type1/public/amsf
onts/cm/cmr8.pfb></usr/share/texlive/texmf-dist/fonts/type1/public/amsfonts/cm/
cmsy10.pfb></usr/share/texlive/texmf-dist/fonts/type1/public/amsfonts/cm/cmsy8.
pfb>
Output written on rblarba-pl.pdf (25 pages, 240626 bytes).
PDF statistics:
 654 PDF objects out of 1000 (max. 8388607)
 148 compressed objects within 2 object streams
 0 named destinations out of 1000 (max. 500000)
 1 words of extra memory for PDF output out of 10000 (max. 10000000)

